[2020-10-05 14:13:57] app.ERROR: Data from PrestaShop Addons is invalid, and cannot fallback on cache.  {"exception":"cURL error 28: Operation timed out after 5000 milliseconds with 173644 bytes received"} []
[2020-10-05 14:13:57] app.INFO: Protect vendor folder in module contactform [] []
[2020-10-05 14:13:57] app.INFO: Module contactform has no vendor folder [] []
[2020-10-05 14:13:58] app.INFO: Protect vendor folder in module dashactivity [] []
[2020-10-05 14:13:58] app.INFO: Module dashactivity has no vendor folder [] []
[2020-10-05 14:13:58] app.INFO: Protect vendor folder in module dashtrends [] []
[2020-10-05 14:13:58] app.INFO: Module dashtrends has no vendor folder [] []
[2020-10-05 14:13:58] app.INFO: Protect vendor folder in module dashgoals [] []
[2020-10-05 14:13:58] app.INFO: Module dashgoals has no vendor folder [] []
[2020-10-05 14:13:58] app.INFO: Protect vendor folder in module dashproducts [] []
[2020-10-05 14:13:58] app.INFO: Module dashproducts has no vendor folder [] []
[2020-10-05 14:13:58] app.INFO: Protect vendor folder in module graphnvd3 [] []
[2020-10-05 14:13:58] app.INFO: Module graphnvd3 has no vendor folder [] []
[2020-10-05 14:13:58] app.INFO: Protect vendor folder in module gridhtml [] []
[2020-10-05 14:13:58] app.INFO: Module gridhtml has no vendor folder [] []
[2020-10-05 14:13:58] app.INFO: Protect vendor folder in module gsitemap [] []
[2020-10-05 14:13:58] app.INFO: Module gsitemap has no vendor folder [] []
[2020-10-05 14:13:58] app.INFO: Protect vendor folder in module ps_banner [] []
[2020-10-05 14:13:58] app.INFO: Module ps_banner has no vendor folder [] []
[2020-10-05 14:13:58] app.INFO: Protect vendor folder in module ps_categorytree [] []
[2020-10-05 14:13:58] app.INFO: Module ps_categorytree has no vendor folder [] []
[2020-10-05 14:13:58] app.INFO: Protect vendor folder in module ps_checkpayment [] []
[2020-10-05 14:13:58] app.INFO: Module ps_checkpayment has no vendor folder [] []
[2020-10-05 14:13:58] app.INFO: Protect vendor folder in module ps_contactinfo [] []
[2020-10-05 14:13:58] app.INFO: Module ps_contactinfo has no vendor folder [] []
[2020-10-05 14:13:58] app.INFO: Protect vendor folder in module ps_currencyselector [] []
[2020-10-05 14:13:58] app.INFO: Module ps_currencyselector has no vendor folder [] []
[2020-10-05 14:13:58] app.INFO: Protect vendor folder in module ps_customeraccountlinks [] []
[2020-10-05 14:13:58] app.INFO: Module ps_customeraccountlinks has no vendor folder [] []
[2020-10-05 14:13:58] app.INFO: Protect vendor folder in module ps_customersignin [] []
[2020-10-05 14:13:58] app.INFO: Module ps_customersignin has no vendor folder [] []
[2020-10-05 14:13:58] app.INFO: Protect vendor folder in module ps_customtext [] []
[2020-10-05 14:13:58] app.INFO: Module ps_customtext has no vendor folder [] []
[2020-10-05 14:13:59] app.INFO: Protect vendor folder in module ps_emailsubscription [] []
[2020-10-05 14:13:59] app.INFO: Module ps_emailsubscription has no vendor folder [] []
[2020-10-05 14:13:59] app.INFO: Protect vendor folder in module ps_facetedsearch [] []
[2020-10-05 14:13:59] app.INFO: Module ps_facetedsearch has no vendor folder [] []
[2020-10-05 14:13:59] app.INFO: Protect vendor folder in module ps_faviconnotificationbo [] []
[2020-10-05 14:13:59] app.INFO: Module ps_faviconnotificationbo has no vendor folder [] []
[2020-10-05 14:13:59] app.INFO: Protect vendor folder in module ps_featuredproducts [] []
[2020-10-05 14:13:59] app.INFO: Module ps_featuredproducts has no vendor folder [] []
[2020-10-05 14:13:59] app.INFO: Protect vendor folder in module ps_imageslider [] []
[2020-10-05 14:13:59] app.INFO: Module ps_imageslider has no vendor folder [] []
[2020-10-05 14:13:59] app.INFO: Protect vendor folder in module ps_languageselector [] []
[2020-10-05 14:13:59] app.INFO: Module ps_languageselector has no vendor folder [] []
[2020-10-05 14:13:59] app.INFO: Protect vendor folder in module ps_linklist [] []
[2020-10-05 14:13:59] app.INFO: Module ps_linklist has no vendor folder [] []
[2020-10-05 14:13:59] app.ERROR: Class "AdminLinkWidgetController" not found in controllers/admin [] []
[2020-10-05 14:14:00] app.INFO: Protect vendor folder in module ps_mainmenu [] []
[2020-10-05 14:14:00] app.INFO: Module ps_mainmenu has no vendor folder [] []
[2020-10-05 14:14:00] app.INFO: Protect vendor folder in module ps_searchbar [] []
[2020-10-05 14:14:00] app.INFO: Module ps_searchbar has no vendor folder [] []
[2020-10-05 14:14:00] app.INFO: Protect vendor folder in module ps_sharebuttons [] []
[2020-10-05 14:14:00] app.INFO: Module ps_sharebuttons has no vendor folder [] []
[2020-10-05 14:14:00] app.INFO: Protect vendor folder in module ps_shoppingcart [] []
[2020-10-05 14:14:00] app.INFO: Module ps_shoppingcart has no vendor folder [] []
[2020-10-05 14:14:00] app.INFO: Protect vendor folder in module ps_socialfollow [] []
[2020-10-05 14:14:00] app.INFO: Module ps_socialfollow has no vendor folder [] []
[2020-10-05 14:14:00] app.INFO: Protect vendor folder in module ps_themecusto [] []
[2020-10-05 14:14:00] app.INFO: Module ps_themecusto has no vendor folder [] []
[2020-10-05 14:14:00] app.INFO: Protect vendor folder in module ps_wirepayment [] []
[2020-10-05 14:14:00] app.INFO: Module ps_wirepayment has no vendor folder [] []
[2020-10-05 14:14:00] app.INFO: Protect vendor folder in module pagesnotfound [] []
[2020-10-05 14:14:00] app.INFO: Module pagesnotfound has no vendor folder [] []
[2020-10-05 14:14:00] app.INFO: Protect vendor folder in module sekeywords [] []
[2020-10-05 14:14:00] app.INFO: Module sekeywords has no vendor folder [] []
[2020-10-05 14:14:00] app.INFO: Protect vendor folder in module statsbestcategories [] []
[2020-10-05 14:14:00] app.INFO: Module statsbestcategories has no vendor folder [] []
[2020-10-05 14:14:00] app.INFO: Protect vendor folder in module statsbestcustomers [] []
[2020-10-05 14:14:00] app.INFO: Module statsbestcustomers has no vendor folder [] []
[2020-10-05 14:14:00] app.INFO: Protect vendor folder in module statsbestproducts [] []
[2020-10-05 14:14:00] app.INFO: Module statsbestproducts has no vendor folder [] []
[2020-10-05 14:14:00] app.INFO: Protect vendor folder in module statsbestsuppliers [] []
[2020-10-05 14:14:00] app.INFO: Module statsbestsuppliers has no vendor folder [] []
[2020-10-05 14:14:00] app.INFO: Protect vendor folder in module statsbestvouchers [] []
[2020-10-05 14:14:00] app.INFO: Module statsbestvouchers has no vendor folder [] []
[2020-10-05 14:14:00] app.INFO: Protect vendor folder in module statscarrier [] []
[2020-10-05 14:14:00] app.INFO: Module statscarrier has no vendor folder [] []
[2020-10-05 14:14:00] app.INFO: Protect vendor folder in module statscatalog [] []
[2020-10-05 14:14:00] app.INFO: Module statscatalog has no vendor folder [] []
[2020-10-05 14:14:00] app.INFO: Protect vendor folder in module statscheckup [] []
[2020-10-05 14:14:00] app.INFO: Module statscheckup has no vendor folder [] []
[2020-10-05 14:14:00] app.INFO: Protect vendor folder in module statsdata [] []
[2020-10-05 14:14:00] app.INFO: Module statsdata has no vendor folder [] []
[2020-10-05 14:14:01] app.INFO: Protect vendor folder in module statsequipment [] []
[2020-10-05 14:14:01] app.INFO: Module statsequipment has no vendor folder [] []
[2020-10-05 14:14:01] app.INFO: Protect vendor folder in module statsforecast [] []
[2020-10-05 14:14:01] app.INFO: Module statsforecast has no vendor folder [] []
[2020-10-05 14:14:01] app.INFO: Protect vendor folder in module statslive [] []
[2020-10-05 14:14:01] app.INFO: Module statslive has no vendor folder [] []
[2020-10-05 14:14:01] app.INFO: Protect vendor folder in module statsnewsletter [] []
[2020-10-05 14:14:01] app.INFO: Module statsnewsletter has no vendor folder [] []
[2020-10-05 14:14:01] app.INFO: Protect vendor folder in module statsorigin [] []
[2020-10-05 14:14:01] app.INFO: Module statsorigin has no vendor folder [] []
[2020-10-05 14:14:01] app.INFO: Protect vendor folder in module statspersonalinfos [] []
[2020-10-05 14:14:01] app.INFO: Module statspersonalinfos has no vendor folder [] []
[2020-10-05 14:14:01] app.INFO: Protect vendor folder in module statsproduct [] []
[2020-10-05 14:14:01] app.INFO: Module statsproduct has no vendor folder [] []
[2020-10-05 14:14:01] app.INFO: Protect vendor folder in module statsregistrations [] []
[2020-10-05 14:14:01] app.INFO: Module statsregistrations has no vendor folder [] []
[2020-10-05 14:14:01] app.INFO: Protect vendor folder in module statssales [] []
[2020-10-05 14:14:01] app.INFO: Module statssales has no vendor folder [] []
[2020-10-05 14:14:01] app.INFO: Protect vendor folder in module statssearch [] []
[2020-10-05 14:14:01] app.INFO: Module statssearch has no vendor folder [] []
[2020-10-05 14:14:01] app.INFO: Protect vendor folder in module statsstock [] []
[2020-10-05 14:14:01] app.INFO: Module statsstock has no vendor folder [] []
[2020-10-05 14:14:01] app.INFO: Protect vendor folder in module statsvisits [] []
[2020-10-05 14:14:01] app.INFO: Module statsvisits has no vendor folder [] []
[2020-10-05 14:14:01] app.INFO: Protect vendor folder in module welcome [] []
[2020-10-05 14:26:18] app.ERROR: Data from PrestaShop Addons is invalid, and cannot fallback on cache.  {"exception":"cURL error 28: Operation timed out after 5000 milliseconds with 30005 bytes received"} []
[2020-10-05 14:26:19] app.INFO: Protect vendor folder in module gamification [] []
[2020-10-05 14:26:19] app.INFO: Protect vendor folder in module emarketing [] []
[2020-10-05 14:26:19] app.INFO: Protect vendor folder in module ps_mbo [] []
[2020-10-05 14:26:19] app.INFO: Protect vendor folder in module ps_buybuttonlite [] []
[2020-10-05 14:26:26] app.INFO: Exporting mail with theme modern for language English (English) [] []
[2020-10-05 14:26:26] app.INFO: Core output folder: C:\xampp\htdocs\prestashop/mails [] []
[2020-10-05 14:26:26] app.INFO: Modules output folder: C:\xampp\htdocs\prestashop/modules/ [] []
[2020-10-05 14:26:50] app.ERROR: Data from PrestaShop Addons is invalid, and cannot fallback on cache.  {"exception":"cURL error 28: Operation timed out after 5000 milliseconds with 104309 bytes received"} []
[2020-10-05 14:26:50] app.INFO: Protect vendor folder in module blockreassurance [] []
[2020-10-05 14:26:50] app.INFO: Module blockreassurance has no vendor folder [] []
[2020-10-05 14:27:47] app.ERROR: Data from PrestaShop Addons is invalid, and cannot fallback on cache.  {"exception":"cURL error 28: Operation timed out after 5000 milliseconds with 0 bytes received"} []
[2020-10-05 14:27:48] app.INFO: Protect vendor folder in module ps_facetedsearch [] []
[2020-10-05 14:27:48] app.INFO: Module ps_facetedsearch has no vendor folder [] []
[2020-10-06 02:51:05] app.ERROR: Data from PrestaShop Addons is invalid, and cannot fallback on cache.  {"exception":"cURL error 28: Operation timed out after 5000 milliseconds with 92725 bytes received"} []
[2020-10-06 02:51:05] app.INFO: Protect vendor folder in module contactform [] []
[2020-10-06 02:51:05] app.INFO: Module contactform has no vendor folder [] []
[2020-10-06 02:51:06] app.INFO: Protect vendor folder in module dashactivity [] []
[2020-10-06 02:51:06] app.INFO: Module dashactivity has no vendor folder [] []
[2020-10-06 02:51:06] app.INFO: Protect vendor folder in module dashtrends [] []
[2020-10-06 02:51:06] app.INFO: Module dashtrends has no vendor folder [] []
[2020-10-06 02:51:06] app.INFO: Protect vendor folder in module dashgoals [] []
[2020-10-06 02:51:06] app.INFO: Module dashgoals has no vendor folder [] []
[2020-10-06 02:51:06] app.INFO: Protect vendor folder in module dashproducts [] []
[2020-10-06 02:51:06] app.INFO: Module dashproducts has no vendor folder [] []
[2020-10-06 02:51:06] app.INFO: Protect vendor folder in module graphnvd3 [] []
[2020-10-06 02:51:06] app.INFO: Module graphnvd3 has no vendor folder [] []
[2020-10-06 02:51:06] app.INFO: Protect vendor folder in module gridhtml [] []
[2020-10-06 02:51:06] app.INFO: Module gridhtml has no vendor folder [] []
[2020-10-06 02:51:06] app.INFO: Protect vendor folder in module gsitemap [] []
[2020-10-06 02:51:06] app.INFO: Module gsitemap has no vendor folder [] []
[2020-10-06 02:51:06] app.INFO: Protect vendor folder in module ps_banner [] []
[2020-10-06 02:51:06] app.INFO: Module ps_banner has no vendor folder [] []
[2020-10-06 02:51:06] app.INFO: Protect vendor folder in module ps_categorytree [] []
[2020-10-06 02:51:06] app.INFO: Module ps_categorytree has no vendor folder [] []
[2020-10-06 02:51:06] app.INFO: Protect vendor folder in module ps_checkpayment [] []
[2020-10-06 02:51:06] app.INFO: Module ps_checkpayment has no vendor folder [] []
[2020-10-06 02:51:06] app.INFO: Protect vendor folder in module ps_contactinfo [] []
[2020-10-06 02:51:06] app.INFO: Module ps_contactinfo has no vendor folder [] []
[2020-10-06 02:51:06] app.INFO: Protect vendor folder in module ps_currencyselector [] []
[2020-10-06 02:51:06] app.INFO: Module ps_currencyselector has no vendor folder [] []
[2020-10-06 02:51:06] app.INFO: Protect vendor folder in module ps_customeraccountlinks [] []
[2020-10-06 02:51:06] app.INFO: Module ps_customeraccountlinks has no vendor folder [] []
[2020-10-06 02:51:06] app.INFO: Protect vendor folder in module ps_customersignin [] []
[2020-10-06 02:51:06] app.INFO: Module ps_customersignin has no vendor folder [] []
[2020-10-06 02:51:06] app.INFO: Protect vendor folder in module ps_customtext [] []
[2020-10-06 02:51:06] app.INFO: Module ps_customtext has no vendor folder [] []
[2020-10-06 02:51:07] app.INFO: Protect vendor folder in module ps_emailsubscription [] []
[2020-10-06 02:51:07] app.INFO: Module ps_emailsubscription has no vendor folder [] []
[2020-10-06 02:51:07] app.INFO: Protect vendor folder in module ps_facetedsearch [] []
[2020-10-06 02:51:07] app.INFO: Module ps_facetedsearch has no vendor folder [] []
[2020-10-06 02:51:07] app.INFO: Protect vendor folder in module ps_faviconnotificationbo [] []
[2020-10-06 02:51:07] app.INFO: Module ps_faviconnotificationbo has no vendor folder [] []
[2020-10-06 02:51:07] app.INFO: Protect vendor folder in module ps_featuredproducts [] []
[2020-10-06 02:51:07] app.INFO: Module ps_featuredproducts has no vendor folder [] []
[2020-10-06 02:51:07] app.INFO: Protect vendor folder in module ps_imageslider [] []
[2020-10-06 02:51:07] app.INFO: Module ps_imageslider has no vendor folder [] []
[2020-10-06 02:51:07] app.INFO: Protect vendor folder in module ps_languageselector [] []
[2020-10-06 02:51:07] app.INFO: Module ps_languageselector has no vendor folder [] []
[2020-10-06 02:51:07] app.INFO: Protect vendor folder in module ps_linklist [] []
[2020-10-06 02:51:07] app.INFO: Module ps_linklist has no vendor folder [] []
[2020-10-06 02:51:07] app.ERROR: Class "AdminLinkWidgetController" not found in controllers/admin [] []
[2020-10-06 02:51:08] app.INFO: Protect vendor folder in module ps_mainmenu [] []
[2020-10-06 02:51:08] app.INFO: Module ps_mainmenu has no vendor folder [] []
[2020-10-06 02:51:08] app.INFO: Protect vendor folder in module ps_searchbar [] []
[2020-10-06 02:51:08] app.INFO: Module ps_searchbar has no vendor folder [] []
[2020-10-06 02:51:08] app.INFO: Protect vendor folder in module ps_sharebuttons [] []
[2020-10-06 02:51:08] app.INFO: Module ps_sharebuttons has no vendor folder [] []
[2020-10-06 02:51:08] app.INFO: Protect vendor folder in module ps_shoppingcart [] []
[2020-10-06 02:51:08] app.INFO: Module ps_shoppingcart has no vendor folder [] []
[2020-10-06 02:51:08] app.INFO: Protect vendor folder in module ps_socialfollow [] []
[2020-10-06 02:51:08] app.INFO: Module ps_socialfollow has no vendor folder [] []
[2020-10-06 02:51:08] app.INFO: Protect vendor folder in module ps_themecusto [] []
[2020-10-06 02:51:08] app.INFO: Module ps_themecusto has no vendor folder [] []
[2020-10-06 02:51:08] app.INFO: Protect vendor folder in module ps_wirepayment [] []
[2020-10-06 02:51:08] app.INFO: Module ps_wirepayment has no vendor folder [] []
[2020-10-06 02:51:08] app.INFO: Protect vendor folder in module pagesnotfound [] []
[2020-10-06 02:51:08] app.INFO: Module pagesnotfound has no vendor folder [] []
[2020-10-06 02:51:08] app.INFO: Protect vendor folder in module sekeywords [] []
[2020-10-06 02:51:08] app.INFO: Module sekeywords has no vendor folder [] []
[2020-10-06 02:51:08] app.INFO: Protect vendor folder in module statsbestcategories [] []
[2020-10-06 02:51:08] app.INFO: Module statsbestcategories has no vendor folder [] []
[2020-10-06 02:51:08] app.INFO: Protect vendor folder in module statsbestcustomers [] []
[2020-10-06 02:51:08] app.INFO: Module statsbestcustomers has no vendor folder [] []
[2020-10-06 02:51:08] app.INFO: Protect vendor folder in module statsbestproducts [] []
[2020-10-06 02:51:08] app.INFO: Module statsbestproducts has no vendor folder [] []
[2020-10-06 02:51:08] app.INFO: Protect vendor folder in module statsbestsuppliers [] []
[2020-10-06 02:51:08] app.INFO: Module statsbestsuppliers has no vendor folder [] []
[2020-10-06 02:51:08] app.INFO: Protect vendor folder in module statsbestvouchers [] []
[2020-10-06 02:51:08] app.INFO: Module statsbestvouchers has no vendor folder [] []
[2020-10-06 02:51:08] app.INFO: Protect vendor folder in module statscarrier [] []
[2020-10-06 02:51:08] app.INFO: Module statscarrier has no vendor folder [] []
[2020-10-06 02:51:08] app.INFO: Protect vendor folder in module statscatalog [] []
[2020-10-06 02:51:08] app.INFO: Module statscatalog has no vendor folder [] []
[2020-10-06 02:51:08] app.INFO: Protect vendor folder in module statscheckup [] []
[2020-10-06 02:51:08] app.INFO: Module statscheckup has no vendor folder [] []
[2020-10-06 02:51:08] app.INFO: Protect vendor folder in module statsdata [] []
[2020-10-06 02:51:08] app.INFO: Module statsdata has no vendor folder [] []
[2020-10-06 02:51:08] app.INFO: Protect vendor folder in module statsequipment [] []
[2020-10-06 02:51:08] app.INFO: Module statsequipment has no vendor folder [] []
[2020-10-06 02:51:09] app.INFO: Protect vendor folder in module statsforecast [] []
[2020-10-06 02:51:09] app.INFO: Module statsforecast has no vendor folder [] []
[2020-10-06 02:51:09] app.INFO: Protect vendor folder in module statslive [] []
[2020-10-06 02:51:09] app.INFO: Module statslive has no vendor folder [] []
[2020-10-06 02:51:09] app.INFO: Protect vendor folder in module statsnewsletter [] []
[2020-10-06 02:51:09] app.INFO: Module statsnewsletter has no vendor folder [] []
[2020-10-06 02:51:09] app.INFO: Protect vendor folder in module statsorigin [] []
[2020-10-06 02:51:09] app.INFO: Module statsorigin has no vendor folder [] []
[2020-10-06 02:51:09] app.INFO: Protect vendor folder in module statspersonalinfos [] []
[2020-10-06 02:51:09] app.INFO: Module statspersonalinfos has no vendor folder [] []
[2020-10-06 02:51:09] app.INFO: Protect vendor folder in module statsproduct [] []
[2020-10-06 02:51:09] app.INFO: Module statsproduct has no vendor folder [] []
[2020-10-06 02:51:09] app.INFO: Protect vendor folder in module statsregistrations [] []
[2020-10-06 02:51:09] app.INFO: Module statsregistrations has no vendor folder [] []
[2020-10-06 02:51:09] app.INFO: Protect vendor folder in module statssales [] []
[2020-10-06 02:51:09] app.INFO: Module statssales has no vendor folder [] []
[2020-10-06 02:51:09] app.INFO: Protect vendor folder in module statssearch [] []
[2020-10-06 02:51:09] app.INFO: Module statssearch has no vendor folder [] []
[2020-10-06 02:51:09] app.INFO: Protect vendor folder in module statsstock [] []
[2020-10-06 02:51:09] app.INFO: Module statsstock has no vendor folder [] []
[2020-10-06 02:51:09] app.INFO: Protect vendor folder in module statsvisits [] []
[2020-10-06 02:51:09] app.INFO: Module statsvisits has no vendor folder [] []
[2020-10-06 02:51:09] app.INFO: Protect vendor folder in module welcome [] []
[2020-10-06 02:51:12] app.INFO: Exporting mail with theme modern for language English (English) [] []
[2020-10-06 02:51:12] app.INFO: Core output folder: C:\xampp\htdocs\prestashop/mails [] []
[2020-10-06 02:51:12] app.INFO: Modules output folder: C:\xampp\htdocs\prestashop/modules/ [] []
[2020-10-06 02:52:47] app.ERROR: Data from PrestaShop Addons is invalid, and cannot fallback on cache.  {"exception":"cURL error 28: Operation timed out after 5000 milliseconds with 0 out of 0 bytes received"} []
[2020-10-06 02:52:47] app.INFO: Protect vendor folder in module gamification [] []
[2020-10-06 02:52:47] app.INFO: Protect vendor folder in module emarketing [] []
[2020-10-06 02:52:47] app.INFO: Protect vendor folder in module psaddonsconnect [] []
[2020-10-06 02:52:47] app.INFO: Protect vendor folder in module psgdpr [] []
[2020-10-06 02:52:47] app.INFO: Protect vendor folder in module ps_mbo [] []
[2020-10-06 02:52:47] app.INFO: Protect vendor folder in module ps_buybuttonlite [] []
[2020-10-06 13:42:29] request.INFO: Matched route "admin_module_notification_count". {"route":"admin_module_notification_count","route_parameters":{"_controller":"PrestaShopBundle\\Controller\\Admin\\Improve\\Modules\\AlertsController::notificationsCountAction","_legacy_controller":"AdminModulesNotifications","_legacy_link":"AdminModulesNotifications:count","_route":"admin_module_notification_count"},"request_uri":"http://localhost/prestashop/admin754h1gogp/index.php/improve/modules/alerts/count?_token=nDad52KuC8KM28xf-P5hGzTC3kAIjQyswbz7-Bx7tTc","method":"GET"} []
[2020-10-06 13:42:30] security.DEBUG: Read existing security token from the session. {"key":"_security_main","token_class":"Symfony\\Component\\Security\\Core\\Authentication\\Token\\UsernamePasswordToken"} []
[2020-10-06 13:42:30] security.DEBUG: User was reloaded from a user provider. {"provider":"PrestaShopBundle\\Security\\Admin\\EmployeeProvider","username":"lloyd_alcantara@umindanao.edu.ph"} []
[2020-10-06 13:42:35] app.ERROR: Data from PrestaShop Addons is invalid, and cannot fallback on cache.  {"exception":"cURL error 28: Operation timed out after 5001 milliseconds with 744715 bytes received"} []
[2020-10-06 13:42:35] security.DEBUG: Stored the security token in the session. {"key":"_security_main"} []
[2020-10-06 13:42:29] request.INFO: Matched route "admin_module_catalog_refresh". {"route":"admin_module_catalog_refresh","route_parameters":{"category":null,"keyword":null,"_controller":"PrestaShopBundle\\Controller\\Admin\\Improve\\ModuleController::refreshCatalogAction","_legacy_controller":"AdminModulesCatalog","_legacy_link":"AdminModulesCatalog:refresh","_route":"admin_module_catalog_refresh"},"request_uri":"http://localhost/prestashop/admin754h1gogp/index.php/improve/modules/catalog/refresh?_token=nDad52KuC8KM28xf-P5hGzTC3kAIjQyswbz7-Bx7tTc","method":"GET"} []
[2020-10-06 13:42:35] security.DEBUG: Read existing security token from the session. {"key":"_security_main","token_class":"Symfony\\Component\\Security\\Core\\Authentication\\Token\\UsernamePasswordToken"} []
[2020-10-06 13:42:35] security.DEBUG: User was reloaded from a user provider. {"provider":"PrestaShopBundle\\Security\\Admin\\EmployeeProvider","username":"lloyd_alcantara@umindanao.edu.ph"} []
[2020-10-06 13:42:41] app.ERROR: Data from PrestaShop Addons is invalid, and cannot fallback on cache.  {"exception":"cURL error 28: Operation timed out after 5000 milliseconds with 304716 bytes received"} []
[2020-10-06 13:42:41] security.DEBUG: Stored the security token in the session. {"key":"_security_main"} []
[2020-10-06 13:43:38] request.INFO: Matched route "admin_module_manage". {"route":"admin_module_manage","route_parameters":{"category":null,"keyword":null,"_controller":"PrestaShopBundle\\Controller\\Admin\\Improve\\ModuleController::manageAction","_legacy_controller":"AdminModulesManage","_legacy_link":["AdminModulesManage","AdminModulesSf"],"_route":"admin_module_manage"},"request_uri":"http://localhost/prestashop/admin754h1gogp/index.php/improve/modules/manage?_token=nDad52KuC8KM28xf-P5hGzTC3kAIjQyswbz7-Bx7tTc","method":"GET"} []
[2020-10-06 13:43:38] security.DEBUG: Read existing security token from the session. {"key":"_security_main","token_class":"Symfony\\Component\\Security\\Core\\Authentication\\Token\\UsernamePasswordToken"} []
[2020-10-06 13:43:38] security.DEBUG: User was reloaded from a user provider. {"provider":"PrestaShopBundle\\Security\\Admin\\EmployeeProvider","username":"lloyd_alcantara@umindanao.edu.ph"} []
[2020-10-06 13:43:43] app.ERROR: Data from PrestaShop Addons is invalid, and cannot fallback on cache.  {"exception":"cURL error 28: Operation timed out after 5000 milliseconds with 173644 bytes received"} []
[2020-10-06 13:43:44] security.DEBUG: Stored the security token in the session. {"key":"_security_main"} []
[2020-10-06 13:43:44] request.INFO: Matched route "admin_module_notification_count". {"route":"admin_module_notification_count","route_parameters":{"_controller":"PrestaShopBundle\\Controller\\Admin\\Improve\\Modules\\AlertsController::notificationsCountAction","_legacy_controller":"AdminModulesNotifications","_legacy_link":"AdminModulesNotifications:count","_route":"admin_module_notification_count"},"request_uri":"http://localhost/prestashop/admin754h1gogp/index.php/improve/modules/alerts/count?_token=nDad52KuC8KM28xf-P5hGzTC3kAIjQyswbz7-Bx7tTc","method":"GET"} []
[2020-10-06 13:43:45] security.DEBUG: Read existing security token from the session. {"key":"_security_main","token_class":"Symfony\\Component\\Security\\Core\\Authentication\\Token\\UsernamePasswordToken"} []
[2020-10-06 13:43:45] security.DEBUG: User was reloaded from a user provider. {"provider":"PrestaShopBundle\\Security\\Admin\\EmployeeProvider","username":"lloyd_alcantara@umindanao.edu.ph"} []
[2020-10-06 13:43:50] app.ERROR: Data from PrestaShop Addons is invalid, and cannot fallback on cache.  {"exception":"cURL error 28: Operation timed out after 5000 milliseconds with 293020 bytes received"} []
[2020-10-06 13:43:50] security.DEBUG: Stored the security token in the session. {"key":"_security_main"} []
[2020-10-06 13:58:37] request.INFO: Matched route "admin_module_manage". {"route":"admin_module_manage","route_parameters":{"category":null,"keyword":null,"_controller":"PrestaShopBundle\\Controller\\Admin\\Improve\\ModuleController::manageAction","_legacy_controller":"AdminModulesManage","_legacy_link":["AdminModulesManage","AdminModulesSf"],"_route":"admin_module_manage"},"request_uri":"http://localhost/prestashop/admin754h1gogp/index.php/improve/modules/manage?_token=nDad52KuC8KM28xf-P5hGzTC3kAIjQyswbz7-Bx7tTc","method":"GET"} []
[2020-10-06 13:58:37] security.DEBUG: Read existing security token from the session. {"key":"_security_main","token_class":"Symfony\\Component\\Security\\Core\\Authentication\\Token\\UsernamePasswordToken"} []
[2020-10-06 13:58:37] security.DEBUG: User was reloaded from a user provider. {"provider":"PrestaShopBundle\\Security\\Admin\\EmployeeProvider","username":"lloyd_alcantara@umindanao.edu.ph"} []
[2020-10-06 13:58:42] app.ERROR: Data from PrestaShop Addons is invalid, and cannot fallback on cache.  {"exception":"cURL error 28: Operation timed out after 5000 milliseconds with 171284 bytes received"} []
[2020-10-06 13:58:44] security.DEBUG: Stored the security token in the session. {"key":"_security_main"} []
[2020-10-06 13:58:45] request.INFO: Matched route "admin_module_notification_count". {"route":"admin_module_notification_count","route_parameters":{"_controller":"PrestaShopBundle\\Controller\\Admin\\Improve\\Modules\\AlertsController::notificationsCountAction","_legacy_controller":"AdminModulesNotifications","_legacy_link":"AdminModulesNotifications:count","_route":"admin_module_notification_count"},"request_uri":"http://localhost/prestashop/admin754h1gogp/index.php/improve/modules/alerts/count?_token=nDad52KuC8KM28xf-P5hGzTC3kAIjQyswbz7-Bx7tTc","method":"GET"} []
[2020-10-06 13:58:45] security.DEBUG: Read existing security token from the session. {"key":"_security_main","token_class":"Symfony\\Component\\Security\\Core\\Authentication\\Token\\UsernamePasswordToken"} []
[2020-10-06 13:58:45] security.DEBUG: User was reloaded from a user provider. {"provider":"PrestaShopBundle\\Security\\Admin\\EmployeeProvider","username":"lloyd_alcantara@umindanao.edu.ph"} []
[2020-10-06 13:58:50] app.ERROR: Data from PrestaShop Addons is invalid, and cannot fallback on cache.  {"exception":"cURL error 28: Operation timed out after 5000 milliseconds with 610291 bytes received"} []
[2020-10-06 13:58:50] security.DEBUG: Stored the security token in the session. {"key":"_security_main"} []
